Using pre-set license
Built from '2022.3/staging' branch; Version is '2022.3.22f1 (887be4894c44) revision 8944612'; Using compiler version '192829333'; Build Type 'Release'
OS: 'Windows 11  (10.0.22631) 64bit CoreSingleLanguage' Language: 'en' Physical Memory: 15654 MB
BatchMode: 1, IsHumanControllingUs: 0, StartBugReporterOnCrash: 0, Is64bit: 1, IsPro: 1

COMMAND LINE ARGUMENTS:
C:\Program Files\Unity\Hub\Editor\2022.3.22f1\Editor\Unity.exe
-adb2
-batchMode
-noUpm
-name
AssetImportWorker1
-projectPath
E:/Kuliah/Kampus Merdeka/Agate/UAS/Ujikom
-logFile
Logs/AssetImportWorker1.log
-srvPort
56456
Successfully changed project path to: E:/Kuliah/Kampus Merdeka/Agate/UAS/Ujikom
E:/Kuliah/Kampus Merdeka/Agate/UAS/Ujikom
[UnityMemory] Configuration Parameters - Can be set up in boot.config
    "memorysetup-bucket-allocator-granularity=16"
    "memorysetup-bucket-allocator-bucket-count=8"
    "memorysetup-bucket-allocator-block-size=33554432"
    "memorysetup-bucket-allocator-block-count=8"
    "memorysetup-main-allocator-block-size=16777216"
    "memorysetup-thread-allocator-block-size=16777216"
    "memorysetup-gfx-main-allocator-block-size=16777216"
    "memorysetup-gfx-thread-allocator-block-size=16777216"
    "memorysetup-cache-allocator-block-size=4194304"
    "memorysetup-typetree-allocator-block-size=2097152"
    "memorysetup-profiler-bucket-allocator-granularity=16"
    "memorysetup-profiler-bucket-allocator-bucket-count=8"
    "memorysetup-profiler-bucket-allocator-block-size=33554432"
    "memorysetup-profiler-bucket-allocator-block-count=8"
    "memorysetup-profiler-allocator-block-size=16777216"
    "memorysetup-profiler-editor-allocator-block-size=1048576"
    "memorysetup-temp-allocator-size-main=16777216"
    "memorysetup-job-temp-allocator-block-size=2097152"
    "memorysetup-job-temp-allocator-block-size-background=1048576"
    "memorysetup-job-temp-allocator-reduction-small-platforms=262144"
    "memorysetup-allocator-temp-initial-block-size-main=262144"
    "memorysetup-allocator-temp-initial-block-size-worker=262144"
    "memorysetup-temp-allocator-size-background-worker=32768"
    "memorysetup-temp-allocator-size-job-worker=262144"
    "memorysetup-temp-allocator-size-preload-manager=33554432"
    "memorysetup-temp-allocator-size-nav-mesh-worker=65536"
    "memorysetup-temp-allocator-size-audio-worker=65536"
    "memorysetup-temp-allocator-size-cloud-worker=32768"
    "memorysetup-temp-allocator-size-gi-baking-worker=262144"
    "memorysetup-temp-allocator-size-gfx=262144"
Player connection [20356] Host "[IP] 192.168.1.16 [Port] 0 [Flags] 2 [Guid] 115154163 [EditorId] 115154163 [Version] 1048832 [Id] WindowsEditor(7,LAPTOP-SS31MNHV) [Debug] 1 [PackageName] WindowsEditor [ProjectName] Editor" joined multi-casting on [225.0.0.222:54997]...

Player connection [20356] Host "[IP] 192.168.1.16 [Port] 0 [Flags] 2 [Guid] 115154163 [EditorId] 115154163 [Version] 1048832 [Id] WindowsEditor(7,LAPTOP-SS31MNHV) [Debug] 1 [PackageName] WindowsEditor [ProjectName] Editor" joined alternative multi-casting on [225.0.0.222:34997]...

[Physics::Module] Initialized MultithreadedJobDispatcher with 15 workers.
Refreshing native plugins compatible for Editor in 4.00 ms, found 3 plugins.
Preloading 0 native plugins for Editor in 0.00 ms.
Initialize engine version: 2022.3.22f1 (887be4894c44)
[Subsystems] Discovering subsystems at path C:/Program Files/Unity/Hub/Editor/2022.3.22f1/Editor/Data/Resources/UnitySubsystems
[Subsystems] Discovering subsystems at path E:/Kuliah/Kampus Merdeka/Agate/UAS/Ujikom/Assets
GfxDevice: creating device client; threaded=0; jobified=0
Direct3D:
    Version:  Direct3D 11.0 [level 11.1]
    Renderer: NVIDIA GeForce RTX 4060 Laptop GPU (ID=0x28a0)
    Vendor:   NVIDIA
    VRAM:     7957 MB
    Driver:   32.0.15.5599
Initialize mono
Mono path[0] = 'C:/Program Files/Unity/Hub/Editor/2022.3.22f1/Editor/Data/Managed'
Mono path[1] = 'C:/Program Files/Unity/Hub/Editor/2022.3.22f1/Editor/Data/MonoBleedingEdge/lib/mono/unityjit-win32'
Mono config path = 'C:/Program Files/Unity/Hub/Editor/2022.3.22f1/Editor/Data/MonoBleedingEdge/etc'
Using monoOptions --debugger-agent=transport=dt_socket,embedding=1,server=y,suspend=n,address=127.0.0.1:56972
Begin MonoManager ReloadAssembly
Registering precompiled unity dll's ...
Register platform support module: C:/Program Files/Unity/Hub/Editor/2022.3.22f1/Editor/Data/PlaybackEngines/WindowsStandaloneSupport/UnityEditor.WindowsStandalone.Extensions.dll
Registered in 0.004803 seconds.
- Loaded All Assemblies, in  0.293 seconds
Native extension for WindowsStandalone target not found
Mono: successfully reloaded assembly
- Finished resetting the current domain, in  0.229 seconds
Domain Reload Profiling: 521ms
	BeginReloadAssembly (89ms)
		ExecutionOrderSort (0ms)
		DisableScriptedObjects (0ms)
		BackupInstance (0ms)
		ReleaseScriptingObjects (0ms)
		CreateAndSetChildDomain (1ms)
	RebuildCommonClasses (28ms)
	RebuildNativeTypeToScriptingClass (9ms)
	initialDomainReloadingComplete (51ms)
	LoadAllAssembliesAndSetupDomain (116ms)
		LoadAssemblies (87ms)
		RebuildTransferFunctionScriptingTraits (0ms)
		AnalyzeDomain (114ms)
			TypeCache.Refresh (113ms)
				TypeCache.ScanAssembly (101ms)
			ScanForSourceGeneratedMonoScriptInfo (0ms)
			ResolveRequiredComponents (0ms)
	FinalizeReload (229ms)
		ReleaseScriptCaches (0ms)
		RebuildScriptCaches (0ms)
		SetupLoadedEditorAssemblies (168ms)
			LogAssemblyErrors (0ms)
			InitializePlatformSupportModulesInManaged (8ms)
			SetLoadedEditorAssemblies (6ms)
			RefreshPlugins (0ms)
			BeforeProcessingInitializeOnLoad (2ms)
			ProcessInitializeOnLoadAttributes (114ms)
			ProcessInitializeOnLoadMethodAttributes (38ms)
			AfterProcessingInitializeOnLoad (0ms)
			EditorAssembliesLoaded (0ms)
		ExecutionOrderSort2 (0ms)
		AwakeInstancesAfterBackupRestoration (0ms)
========================================================================
Worker process is ready to serve import requests
Begin MonoManager ReloadAssembly
- Loaded All Assemblies, in  0.470 seconds
Refreshing native plugins compatible for Editor in 1.24 ms, found 3 plugins.
Native extension for WindowsStandalone target not found
Package Manager log level set to [2]
[Package Manager] Server::EnsureServerProcessIsRunning -- launch failed, reason: Unity was launched with the -noUpm command-line argument
[Package Manager] UpmClient::Send -- Unable to send message (not connected to UPM process).
[Package Manager] Cannot connect to Unity Package Manager local server
Mono: successfully reloaded assembly
- Finished resetting the current domain, in  0.673 seconds
Domain Reload Profiling: 1143ms
	BeginReloadAssembly (117ms)
		ExecutionOrderSort (0ms)
		DisableScriptedObjects (4ms)
		BackupInstance (0ms)
		ReleaseScriptingObjects (0ms)
		CreateAndSetChildDomain (21ms)
	RebuildCommonClasses (22ms)
	RebuildNativeTypeToScriptingClass (9ms)
	initialDomainReloadingComplete (31ms)
	LoadAllAssembliesAndSetupDomain (291ms)
		LoadAssemblies (223ms)
		RebuildTransferFunctionScriptingTraits (0ms)
		AnalyzeDomain (136ms)
			TypeCache.Refresh (121ms)
				TypeCache.ScanAssembly (109ms)
			ScanForSourceGeneratedMonoScriptInfo (10ms)
			ResolveRequiredComponents (3ms)
	FinalizeReload (673ms)
		ReleaseScriptCaches (0ms)
		RebuildScriptCaches (0ms)
		SetupLoadedEditorAssemblies (521ms)
			LogAssemblyErrors (0ms)
			InitializePlatformSupportModulesInManaged (4ms)
			SetLoadedEditorAssemblies (5ms)
			RefreshPlugins (0ms)
			BeforeProcessingInitializeOnLoad (56ms)
			ProcessInitializeOnLoadAttributes (434ms)
			ProcessInitializeOnLoadMethodAttributes (15ms)
			AfterProcessingInitializeOnLoad (5ms)
			EditorAssembliesLoaded (0ms)
		ExecutionOrderSort2 (0ms)
		AwakeInstancesAfterBackupRestoration (8ms)
Launched and connected shader compiler UnityShaderCompiler.exe after 0.05 seconds
Refreshing native plugins compatible for Editor in 1.81 ms, found 3 plugins.
Preloading 0 native plugins for Editor in 0.00 ms.
Unloading 3093 Unused Serialized files (Serialized files now loaded: 0)
Unloading 32 unused Assets / (56.9 KB). Loaded Objects now: 3554.
Memory consumption went from 121.2 MB to 121.2 MB.
Total: 4.750000 ms (FindLiveObjects: 0.299200 ms CreateObjectMapping: 0.084800 ms MarkObjects: 4.226600 ms  DeleteObjects: 0.138000 ms)

AssetImportParameters requested are different than current active one (requested -> active):
  custom:container-demuxer-ogg: 62fdf1f143b41e24485cea50d1cbac27 -> 
  custom:video-decoder-ogg-theora: a1e56fd34408186e4bbccfd4996cb3dc -> 
  custom:framework-win-MediaFoundation: 216162199b28c13a410421893ffa2e32 -> 
  custom:CustomObjectIndexerAttribute: 9a22284fe3817be447336de3de66b15e -> 
  custom:container-demuxer-webm: 4f35f7cbe854078d1ac9338744f61a02 -> 
  custom:container-muxer-webm: aa71ff27fc2769a1b78a27578f13a17b -> 
  custom:video-decoder-webm-vp8: 9c59270c3fd7afecdb556c50c9e8de78 -> 
  custom:SearchIndexIgnoredProperties: e643bd26f0fe6173181afceb89e7c659 -> 
  custom:AudioImporter_EditorPlatform: d09bf68614088b80899f8185d706f6e7 -> 
  custom:video-encoder-webm-vp8: eb34c28f22e8b96e1ab97ce403110664 -> 
  custom:audio-decoder-ogg-vorbis: bf7c407c2cedff20999df2af8eb42d56 -> 
  custom:audio-encoder-webm-vorbis: bf7c407c2cedff20999df2af8eb42d56 -> 
========================================================================
Received Import Request.
  Time since last request: 42408.258060 seconds.
  path: Assets/Resources/Audio/SFX_UI_Click_Button.wav
  artifactKey: Guid(fcf77559b4c484b4bb499c9a95c32e21) Importer(815301076,1909f56bfc062723c751e8b465ee728b)
Start importing Assets/Resources/Audio/SFX_UI_Click_Button.wav using Guid(fcf77559b4c484b4bb499c9a95c32e21) Importer(815301076,1909f56bfc062723c751e8b465ee728b)  -> (artifact id: 'd46b53b2894bd15528c7047e45aa2c74') in 0.091220 seconds
Number of updated asset objects reloaded before import = 0
Number of asset objects unloaded after import = 2
========================================================================
Received Import Request.
  Time since last request: 0.000019 seconds.
  path: Assets/Resources/Audio/SFX_GameOver.mp3
  artifactKey: Guid(821abbd1f84b1f840a77f7944f690132) Importer(815301076,1909f56bfc062723c751e8b465ee728b)
Start importing Assets/Resources/Audio/SFX_GameOver.mp3 using Guid(821abbd1f84b1f840a77f7944f690132) Importer(815301076,1909f56bfc062723c751e8b465ee728b)  -> (artifact id: '2dcd649b650874300793ae7c57ed5692') in 0.015794 seconds
Number of updated asset objects reloaded before import = 0
Number of asset objects unloaded after import = 2
========================================================================
Received Import Request.
  Time since last request: 0.000017 seconds.
  path: Assets/Resources/Audio/SFX_DestroyAnimal.wav
  artifactKey: Guid(0c008ee3ee72a4362a35be25fa5de043) Importer(815301076,1909f56bfc062723c751e8b465ee728b)
Start importing Assets/Resources/Audio/SFX_DestroyAnimal.wav using Guid(0c008ee3ee72a4362a35be25fa5de043) Importer(815301076,1909f56bfc062723c751e8b465ee728b)  -> (artifact id: 'ba5a13f40c81ab374dce1c371eba9137') in 0.016245 seconds
Number of updated asset objects reloaded before import = 0
Number of asset objects unloaded after import = 2
========================================================================
Received Import Request.
  Time since last request: 0.000024 seconds.
  path: Assets/Resources
  artifactKey: Guid(834fc0e862d0af1408c8e5c8aa9f9c4a) Importer(815301076,1909f56bfc062723c751e8b465ee728b)
Start importing Assets/Resources using Guid(834fc0e862d0af1408c8e5c8aa9f9c4a) Importer(815301076,1909f56bfc062723c751e8b465ee728b)  -> (artifact id: '0320c3911c4f736f270fbe4afe58ce2f') in 0.000312 seconds
Number of updated asset objects reloaded before import = 0
Number of asset objects unloaded after import = 0
========================================================================
Received Import Request.
  Time since last request: 0.000014 seconds.
  path: Assets/Resources/Audio/BGM_Gameplay.wav
  artifactKey: Guid(1532c7e67c2d60c4c8780da14b7e8fcf) Importer(815301076,1909f56bfc062723c751e8b465ee728b)
Start importing Assets/Resources/Audio/BGM_Gameplay.wav using Guid(1532c7e67c2d60c4c8780da14b7e8fcf) Importer(815301076,1909f56bfc062723c751e8b465ee728b)  -> (artifact id: '567864c95e10a2125f29dce0ad3fc074') in 0.108457 seconds
Number of updated asset objects reloaded before import = 0
Number of asset objects unloaded after import = 2
========================================================================
Received Import Request.
  Time since last request: 0.000023 seconds.
  path: Assets/Resources/Audio/SFX_ThrowFood.wav
  artifactKey: Guid(c6600c5491e54a044b5fa6d406a6e20b) Importer(815301076,1909f56bfc062723c751e8b465ee728b)
Start importing Assets/Resources/Audio/SFX_ThrowFood.wav using Guid(c6600c5491e54a044b5fa6d406a6e20b) Importer(815301076,1909f56bfc062723c751e8b465ee728b)  -> (artifact id: '76b5bd00cf686cd88600ac322dbf8cb9') in 0.017337 seconds
Number of updated asset objects reloaded before import = 0
Number of asset objects unloaded after import = 2
========================================================================
Received Import Request.
  Time since last request: 0.000030 seconds.
  path: Assets/Resources/Audio/SFX_Eat.wav
  artifactKey: Guid(aebae0e89d575dc43ae340319487ef87) Importer(815301076,1909f56bfc062723c751e8b465ee728b)
Start importing Assets/Resources/Audio/SFX_Eat.wav using Guid(aebae0e89d575dc43ae340319487ef87) Importer(815301076,1909f56bfc062723c751e8b465ee728b)  -> (artifact id: '7a94f4ec996c6026e26a302d08f267a0') in 0.013297 seconds
Number of updated asset objects reloaded before import = 0
Number of asset objects unloaded after import = 2
========================================================================
Received Import Request.
  Time since last request: 0.000016 seconds.
  path: Assets/Resources/Audio
  artifactKey: Guid(6cf6a353d914edc4c9b5c7b0fd84b3d5) Importer(815301076,1909f56bfc062723c751e8b465ee728b)
Start importing Assets/Resources/Audio using Guid(6cf6a353d914edc4c9b5c7b0fd84b3d5) Importer(815301076,1909f56bfc062723c751e8b465ee728b)  -> (artifact id: 'a81709bf38d0d4dd5f0c00124e2c21a4') in 0.000342 seconds
Number of updated asset objects reloaded before import = 0
Number of asset objects unloaded after import = 0
========================================================================
Received Import Request.
  Time since last request: 2.970779 seconds.
  path: Assets/Resources/Materials/Deer.mat
  artifactKey: Guid(6c349a73da0f61a43b375b7ba21f9c43) Importer(815301076,1909f56bfc062723c751e8b465ee728b)
Start importing Assets/Resources/Materials/Deer.mat using Guid(6c349a73da0f61a43b375b7ba21f9c43) Importer(815301076,1909f56bfc062723c751e8b465ee728b)  -> (artifact id: '48f9c482f2b8ebdbb7245dce6b375525') in 0.208133 seconds
Number of updated asset objects reloaded before import = 0
Number of asset objects unloaded after import = 2
========================================================================
Received Import Request.
  Time since last request: 0.000025 seconds.
  path: Assets/Resources/Materials/Ground.mat
  artifactKey: Guid(e99dada94da92e949bda87ccc780fbd6) Importer(815301076,1909f56bfc062723c751e8b465ee728b)
Start importing Assets/Resources/Materials/Ground.mat using Guid(e99dada94da92e949bda87ccc780fbd6) Importer(815301076,1909f56bfc062723c751e8b465ee728b)  -> (artifact id: '6a569eba7f933602f934a48da136119c') in 0.028247 seconds
Number of updated asset objects reloaded before import = 0
Number of asset objects unloaded after import = 2
========================================================================
Received Import Request.
  Time since last request: 11.525929 seconds.
  path: Assets/Resources/Objects/Boy/Animations/Strafe Left.fbx
  artifactKey: Guid(f3e71ef83d0e7da438e8615bf144b427) Importer(815301076,1909f56bfc062723c751e8b465ee728b)
Start importing Assets/Resources/Objects/Boy/Animations/Strafe Left.fbx using Guid(f3e71ef83d0e7da438e8615bf144b427) Importer(815301076,1909f56bfc062723c751e8b465ee728b)  -> (artifact id: 'a1a2c4aa5c59b8a4b837fc27387f022d') in 0.010398 seconds
Number of updated asset objects reloaded before import = 0
Number of asset objects unloaded after import = 135
========================================================================
Received Import Request.
  Time since last request: 16.335273 seconds.
  path: Assets/Resources/Textures/Boy_Normal.png
  artifactKey: Guid(efe8dc5c08b62a047ad51a566db85fa3) Importer(815301076,1909f56bfc062723c751e8b465ee728b)
Start importing Assets/Resources/Textures/Boy_Normal.png using Guid(efe8dc5c08b62a047ad51a566db85fa3) Importer(815301076,1909f56bfc062723c751e8b465ee728b)  -> (artifact id: 'bc469c61d63fd1319f2851263e7b727f') in 0.034475 seconds
Number of updated asset objects reloaded before import = 0
Number of asset objects unloaded after import = 2
========================================================================
Received Import Request.
  Time since last request: 0.000027 seconds.
  path: Assets/Resources/Textures/Deer.png
  artifactKey: Guid(55a1cabb513db0d46a71212713585751) Importer(815301076,1909f56bfc062723c751e8b465ee728b)
Start importing Assets/Resources/Textures/Deer.png using Guid(55a1cabb513db0d46a71212713585751) Importer(815301076,1909f56bfc062723c751e8b465ee728b)  -> (artifact id: 'cc36e4e45710cfe0000a80ab92ee8a6a') in 0.013135 seconds
Number of updated asset objects reloaded before import = 0
Number of asset objects unloaded after import = 2
========================================================================
Received Import Request.
  Time since last request: 201.878263 seconds.
  path: Assets/Resources/Audio/BGM_Gameplay.wav
  artifactKey: Guid(1532c7e67c2d60c4c8780da14b7e8fcf) Importer(2089858483,0ecaa5967403d082aa24f35e1b516d23)
Start importing Assets/Resources/Audio/BGM_Gameplay.wav using Guid(1532c7e67c2d60c4c8780da14b7e8fcf) Importer(2089858483,0ecaa5967403d082aa24f35e1b516d23)  -> (artifact id: 'dc2c4cfe2c6c7bd8b8eddd3decaf1a29') in 0.216159 seconds
Number of updated asset objects reloaded before import = 0
Number of asset objects unloaded after import = 1
========================================================================
Received Import Request.
  Time since last request: 0.000019 seconds.
  path: Assets/Resources/Objects/Boy/Boy.fbx
  artifactKey: Guid(52e146b2d1f9e5e41bcebd2ebea4e0e1) Importer(2089858483,0ecaa5967403d082aa24f35e1b516d23)
Start importing Assets/Resources/Objects/Boy/Boy.fbx using Guid(52e146b2d1f9e5e41bcebd2ebea4e0e1) Importer(2089858483,0ecaa5967403d082aa24f35e1b516d23)  -> (artifact id: 'e2b3d64c6d91c1b7829b211691658257') in 0.057665 seconds
Number of updated asset objects reloaded before import = 0
Number of asset objects unloaded after import = 140
========================================================================
Received Import Request.
  Time since last request: 0.000031 seconds.
  path: Assets/Resources/Objects/Deer/Deer.fbx
  artifactKey: Guid(d8dcd9cdff4e98940bc0e1e681244394) Importer(2089858483,0ecaa5967403d082aa24f35e1b516d23)
Start importing Assets/Resources/Objects/Deer/Deer.fbx using Guid(d8dcd9cdff4e98940bc0e1e681244394) Importer(2089858483,0ecaa5967403d082aa24f35e1b516d23)  -> (artifact id: '76f03940d57d927b0a88a1326744901a') in 0.023712 seconds
Number of updated asset objects reloaded before import = 0
Number of asset objects unloaded after import = 114
========================================================================
Received Import Request.
  Time since last request: 0.000017 seconds.
  path: Assets/Resources/Audio/SFX_Eat.wav
  artifactKey: Guid(aebae0e89d575dc43ae340319487ef87) Importer(2089858483,0ecaa5967403d082aa24f35e1b516d23)
Start importing Assets/Resources/Audio/SFX_Eat.wav using Guid(aebae0e89d575dc43ae340319487ef87) Importer(2089858483,0ecaa5967403d082aa24f35e1b516d23)  -> (artifact id: '4a2ed00eda66dc0605d482447561c68e') in 0.031117 seconds
Number of updated asset objects reloaded before import = 0
Number of asset objects unloaded after import = 1
========================================================================
Received Import Request.
  Time since last request: 0.000016 seconds.
  path: Assets/Resources/Materials/Dog.mat
  artifactKey: Guid(7190256955397514cade7151c9b28b2c) Importer(2089858483,0ecaa5967403d082aa24f35e1b516d23)
Start importing Assets/Resources/Materials/Dog.mat using Guid(7190256955397514cade7151c9b28b2c) Importer(2089858483,0ecaa5967403d082aa24f35e1b516d23)  -> (artifact id: '091a243fa4f067119cf971599eb103d5') in 0.014740 seconds
Number of updated asset objects reloaded before import = 0
Number of asset objects unloaded after import = 2
========================================================================
Received Import Request.
  Time since last request: 0.000019 seconds.
  path: Assets/Resources/Textures/Boy_Normal.png
  artifactKey: Guid(efe8dc5c08b62a047ad51a566db85fa3) Importer(2089858483,0ecaa5967403d082aa24f35e1b516d23)
Start importing Assets/Resources/Textures/Boy_Normal.png using Guid(efe8dc5c08b62a047ad51a566db85fa3) Importer(2089858483,0ecaa5967403d082aa24f35e1b516d23)  -> (artifact id: '68039c3c8e13917e984a05de01103dc4') in 0.041449 seconds
Number of updated asset objects reloaded before import = 0
Number of asset objects unloaded after import = 1
========================================================================
Received Import Request.
  Time since last request: 0.000025 seconds.
  path: Assets/Resources/Objects/Boy/Animations/Strafe Left.fbx
  artifactKey: Guid(f3e71ef83d0e7da438e8615bf144b427) Importer(2089858483,0ecaa5967403d082aa24f35e1b516d23)
Start importing Assets/Resources/Objects/Boy/Animations/Strafe Left.fbx using Guid(f3e71ef83d0e7da438e8615bf144b427) Importer(2089858483,0ecaa5967403d082aa24f35e1b516d23)  -> (artifact id: 'b2a849285bef4168bf30e04042b481e2') in 0.018977 seconds
Number of updated asset objects reloaded before import = 0
Number of asset objects unloaded after import = 135
========================================================================
Received Import Request.
  Time since last request: 0.000016 seconds.
  path: Assets/Resources/UI/square.jpg
  artifactKey: Guid(a9dce92bf823a7b4487a73326eee8871) Importer(2089858483,0ecaa5967403d082aa24f35e1b516d23)
Start importing Assets/Resources/UI/square.jpg using Guid(a9dce92bf823a7b4487a73326eee8871) Importer(2089858483,0ecaa5967403d082aa24f35e1b516d23)  -> (artifact id: '4207c4b10c1c3105454948ca92f13726') in 0.022826 seconds
Number of updated asset objects reloaded before import = 0
Number of asset objects unloaded after import = 3
========================================================================
Received Import Request.
  Time since last request: 0.000019 seconds.
  path: Assets/Resources/Objects/Dog/Dog.fbx
  artifactKey: Guid(bd1ca8c7f0eab9e438e483d83cd6c731) Importer(2089858483,0ecaa5967403d082aa24f35e1b516d23)
Start importing Assets/Resources/Objects/Dog/Dog.fbx using Guid(bd1ca8c7f0eab9e438e483d83cd6c731) Importer(2089858483,0ecaa5967403d082aa24f35e1b516d23)  -> (artifact id: 'b95ecf7cabd3a7f5e5eaa479adcf671e') in 0.024496 seconds
Number of updated asset objects reloaded before import = 0
Number of asset objects unloaded after import = 124
========================================================================
Received Import Request.
  Time since last request: 0.000017 seconds.
  path: Assets/Resources/Audio/SFX_ThrowFood.wav
  artifactKey: Guid(c6600c5491e54a044b5fa6d406a6e20b) Importer(2089858483,0ecaa5967403d082aa24f35e1b516d23)
Start importing Assets/Resources/Audio/SFX_ThrowFood.wav using Guid(c6600c5491e54a044b5fa6d406a6e20b) Importer(2089858483,0ecaa5967403d082aa24f35e1b516d23)  -> (artifact id: 'f359c339885b70849938feb810eeae8c') in 0.022104 seconds
Number of updated asset objects reloaded before import = 0
Number of asset objects unloaded after import = 1
========================================================================
Received Import Request.
  Time since last request: 0.000026 seconds.
  path: Assets/Resources/Materials/Ground.mat
  artifactKey: Guid(e99dada94da92e949bda87ccc780fbd6) Importer(2089858483,0ecaa5967403d082aa24f35e1b516d23)
Start importing Assets/Resources/Materials/Ground.mat using Guid(e99dada94da92e949bda87ccc780fbd6) Importer(2089858483,0ecaa5967403d082aa24f35e1b516d23)  -> (artifact id: '2971570db590ceed34dc8b2b5792b556') in 0.015611 seconds
Number of updated asset objects reloaded before import = 0
Number of asset objects unloaded after import = 2
========================================================================
Received Import Request.
  Time since last request: 0.000023 seconds.
  path: Assets/Resources/Textures/Cow.png
  artifactKey: Guid(1d68e9b0bfb360a44a3f36702e079ff0) Importer(2089858483,0ecaa5967403d082aa24f35e1b516d23)
Start importing Assets/Resources/Textures/Cow.png using Guid(1d68e9b0bfb360a44a3f36702e079ff0) Importer(2089858483,0ecaa5967403d082aa24f35e1b516d23)  -> (artifact id: '88f18d9e07a48a6296c7cb0106cb2a18') in 0.019171 seconds
Number of updated asset objects reloaded before import = 0
Number of asset objects unloaded after import = 1
========================================================================
Received Import Request.
  Time since last request: 0.000036 seconds.
  path: Assets/Resources/Materials/Deer.mat
  artifactKey: Guid(6c349a73da0f61a43b375b7ba21f9c43) Importer(2089858483,0ecaa5967403d082aa24f35e1b516d23)
Start importing Assets/Resources/Materials/Deer.mat using Guid(6c349a73da0f61a43b375b7ba21f9c43) Importer(2089858483,0ecaa5967403d082aa24f35e1b516d23)  -> (artifact id: '32661bb282fdbe96cbd3e2182a8141cc') in 0.017277 seconds
Number of updated asset objects reloaded before import = 0
Number of asset objects unloaded after import = 2
========================================================================
Received Import Request.
  Time since last request: 0.000015 seconds.
  path: Assets/Resources/Textures/Boy_Metallic.png
  artifactKey: Guid(d89bcbe2c3a6cab4e8d1272d861477e8) Importer(2089858483,0ecaa5967403d082aa24f35e1b516d23)
Start importing Assets/Resources/Textures/Boy_Metallic.png using Guid(d89bcbe2c3a6cab4e8d1272d861477e8) Importer(2089858483,0ecaa5967403d082aa24f35e1b516d23)  -> (artifact id: '821b911ec8ab95fd04f70994a2cf4e73') in 0.018569 seconds
Number of updated asset objects reloaded before import = 0
Number of asset objects unloaded after import = 1
========================================================================
Received Import Request.
  Time since last request: 0.000036 seconds.
  path: Assets/Resources/Objects/Boy/Animations/Strafe Right.fbx
  artifactKey: Guid(587a020b2a31cb1458070a9c6e0d1caa) Importer(2089858483,0ecaa5967403d082aa24f35e1b516d23)
Start importing Assets/Resources/Objects/Boy/Animations/Strafe Right.fbx using Guid(587a020b2a31cb1458070a9c6e0d1caa) Importer(2089858483,0ecaa5967403d082aa24f35e1b516d23)  -> (artifact id: 'c1b8291a47a3e39f7abbda45f3dec52b') in 0.021574 seconds
Number of updated asset objects reloaded before import = 0
Number of asset objects unloaded after import = 135
========================================================================
Received Import Request.
  Time since last request: 0.000016 seconds.
  path: Assets/Resources/Materials/Cow.mat
  artifactKey: Guid(186977775ba96a34386dc33afc1b4469) Importer(2089858483,0ecaa5967403d082aa24f35e1b516d23)
Start importing Assets/Resources/Materials/Cow.mat using Guid(186977775ba96a34386dc33afc1b4469) Importer(2089858483,0ecaa5967403d082aa24f35e1b516d23)  -> (artifact id: 'b1aea3712a681cbca7f5023332318a41') in 0.014131 seconds
Number of updated asset objects reloaded before import = 0
Number of asset objects unloaded after import = 2
========================================================================
Received Import Request.
  Time since last request: 0.000025 seconds.
  path: Assets/Resources/Audio/SFX_DestroyAnimal.wav
  artifactKey: Guid(0c008ee3ee72a4362a35be25fa5de043) Importer(2089858483,0ecaa5967403d082aa24f35e1b516d23)
Start importing Assets/Resources/Audio/SFX_DestroyAnimal.wav using Guid(0c008ee3ee72a4362a35be25fa5de043) Importer(2089858483,0ecaa5967403d082aa24f35e1b516d23)  -> (artifact id: 'ccc577c7b7685fdf4322c2ed08f1b13c') in 0.037879 seconds
Number of updated asset objects reloaded before import = 0
Number of asset objects unloaded after import = 1
========================================================================
Received Import Request.
  Time since last request: 0.000017 seconds.
  path: Assets/Resources/Textures/Dog.png
  artifactKey: Guid(91429fadbfbfb034ca01c22b1f543849) Importer(2089858483,0ecaa5967403d082aa24f35e1b516d23)
Start importing Assets/Resources/Textures/Dog.png using Guid(91429fadbfbfb034ca01c22b1f543849) Importer(2089858483,0ecaa5967403d082aa24f35e1b516d23)  -> (artifact id: 'ad3ee254507fea5fb813bec4b277a1ed') in 0.020839 seconds
Number of updated asset objects reloaded before import = 0
Number of asset objects unloaded after import = 1
========================================================================
Received Import Request.
  Time since last request: 0.000023 seconds.
  path: Assets/Resources/Objects/Boy/Animations/GameOver.fbx
  artifactKey: Guid(054e296ebd4952548b8e0e40ef0566b7) Importer(2089858483,0ecaa5967403d082aa24f35e1b516d23)
Start importing Assets/Resources/Objects/Boy/Animations/GameOver.fbx using Guid(054e296ebd4952548b8e0e40ef0566b7) Importer(2089858483,0ecaa5967403d082aa24f35e1b516d23)  -> (artifact id: 'cab1303b5fa284370d4f9859fa1db50d') in 0.021959 seconds
Number of updated asset objects reloaded before import = 0
Number of asset objects unloaded after import = 135
========================================================================
Received Import Request.
  Time since last request: 0.000015 seconds.
  path: Assets/Resources/Textures/Deer.png
  artifactKey: Guid(55a1cabb513db0d46a71212713585751) Importer(2089858483,0ecaa5967403d082aa24f35e1b516d23)
Start importing Assets/Resources/Textures/Deer.png using Guid(55a1cabb513db0d46a71212713585751) Importer(2089858483,0ecaa5967403d082aa24f35e1b516d23)  -> (artifact id: '9ec72f2070905cdecfdb6a15cd2f8af1') in 0.022626 seconds
Number of updated asset objects reloaded before import = 0
Number of asset objects unloaded after import = 1
========================================================================
Received Import Request.
  Time since last request: 0.000018 seconds.
  path: Assets/Resources/Textures/Food.png
  artifactKey: Guid(546f6bdce0e385c458d7d325a290db65) Importer(2089858483,0ecaa5967403d082aa24f35e1b516d23)
Start importing Assets/Resources/Textures/Food.png using Guid(546f6bdce0e385c458d7d325a290db65) Importer(2089858483,0ecaa5967403d082aa24f35e1b516d23)  -> (artifact id: '1d86df336e219aed8d57f252ff9646e3') in 0.019109 seconds
Number of updated asset objects reloaded before import = 0
Number of asset objects unloaded after import = 1
========================================================================
Received Import Request.
  Time since last request: 0.000033 seconds.
  path: Assets/Resources/Objects/Boy/Animations/Throw.fbx
  artifactKey: Guid(4c8cabecf1d432041bb7cbbe532595da) Importer(2089858483,0ecaa5967403d082aa24f35e1b516d23)
Start importing Assets/Resources/Objects/Boy/Animations/Throw.fbx using Guid(4c8cabecf1d432041bb7cbbe532595da) Importer(2089858483,0ecaa5967403d082aa24f35e1b516d23)  -> (artifact id: 'e4e8ba2dc7b456d6225fd7f1ba047bdd') in 0.024695 seconds
Number of updated asset objects reloaded before import = 0
Number of asset objects unloaded after import = 135
========================================================================
Received Import Request.
  Time since last request: 0.000019 seconds.
  path: Assets/Resources/Audio/SFX_GameOver.mp3
  artifactKey: Guid(821abbd1f84b1f840a77f7944f690132) Importer(2089858483,0ecaa5967403d082aa24f35e1b516d23)
Start importing Assets/Resources/Audio/SFX_GameOver.mp3 using Guid(821abbd1f84b1f840a77f7944f690132) Importer(2089858483,0ecaa5967403d082aa24f35e1b516d23)  -> (artifact id: 'a7c0409543ac10ed754fe446ad4e39f7') in 0.034149 seconds
Number of updated asset objects reloaded before import = 0
Number of asset objects unloaded after import = 1
========================================================================
Received Import Request.
  Time since last request: 0.000016 seconds.
  path: Assets/Resources/Materials/Food.mat
  artifactKey: Guid(102e0f4feef48bd44ad36957d4e418f8) Importer(2089858483,0ecaa5967403d082aa24f35e1b516d23)
Start importing Assets/Resources/Materials/Food.mat using Guid(102e0f4feef48bd44ad36957d4e418f8) Importer(2089858483,0ecaa5967403d082aa24f35e1b516d23)  -> (artifact id: 'cf2adb8d48beb9a9d555825c08359533') in 0.011992 seconds
Number of updated asset objects reloaded before import = 0
Number of asset objects unloaded after import = 2
========================================================================
Received Import Request.
  Time since last request: 0.000020 seconds.
  path: Assets/Resources/Textures/Ground.png
  artifactKey: Guid(bca51241647d37e41978119e54055a59) Importer(2089858483,0ecaa5967403d082aa24f35e1b516d23)
Start importing Assets/Resources/Textures/Ground.png using Guid(bca51241647d37e41978119e54055a59) Importer(2089858483,0ecaa5967403d082aa24f35e1b516d23)  -> (artifact id: '85d68f7aa82eeb083869abdc42332275') in 0.022152 seconds
Number of updated asset objects reloaded before import = 0
Number of asset objects unloaded after import = 1
========================================================================
Received Import Request.
  Time since last request: 0.000022 seconds.
  path: Assets/Resources/Textures/Horse.png
  artifactKey: Guid(6fd99c06550dd554b8fffb7b1a8a998c) Importer(2089858483,0ecaa5967403d082aa24f35e1b516d23)
Start importing Assets/Resources/Textures/Horse.png using Guid(6fd99c06550dd554b8fffb7b1a8a998c) Importer(2089858483,0ecaa5967403d082aa24f35e1b516d23)  -> (artifact id: 'aa60dbe4a70c8c8e28043343cfb9b871') in 0.020851 seconds
Number of updated asset objects reloaded before import = 0
Number of asset objects unloaded after import = 1
Editor requested this worker to shutdown with reason: Scaling down because of idle timeout
TcpMessagingSession - receive error: operation aborted. errorcode: 995, details: The I/O operation has been aborted because of either a thread exit or an application request.
AssetImportWorker is now disconnected from the server
Process exiting
Exiting without the bug reporter. Application will terminate with return code 0